This is pdfTeX, Version 3.14159265-2.6-1.40.20 (TeX Live 2019/Debian) (preloaded format=pdflatex 2020.7.29)  18 MAY 2021 19:14
entering extended mode
 restricted \write18 enabled.
 %&-line parsing enabled.
**Apostila_Notas_De_Aula_MAT1202.tex
(./Apostila_Notas_De_Aula_MAT1202.tex
LaTeX2e <2020-02-02> patch level 2
L3 programming layer <2020-02-14>
(/usr/share/texlive/texmf-dist/tex/latex/base/article.cls
Document Class: article 2019/12/20 v1.4l Standard LaTeX document class
(/usr/share/texlive/texmf-dist/tex/latex/base/size12.clo
File: size12.clo 2019/12/20 v1.4l Standard LaTeX file (size option)
)
\c@part=\count167
\c@section=\count168
\c@subsection=\count169
\c@subsubsection=\count170
\c@paragraph=\count171
\c@subparagraph=\count172
\c@figure=\count173
\c@table=\count174
\abovecaptionskip=\skip47
\belowcaptionskip=\skip48
\bibindent=\dimen134
)
(/usr/share/texlive/texmf-dist/tex/latex/base/inputenc.sty
Package: inputenc 2018/08/11 v1.3c Input encoding file
\inpenc@prehook=\toks14
\inpenc@posthook=\toks15
)
(/usr/share/texlive/texmf-dist/tex/generic/babel/babel.sty
Package: babel 2020/02/14 3.40 The Babel package

(/usr/share/texlive/texmf-dist/tex/generic/babel/switch.def
File: switch.def 2020/02/14 3.40 Babel switching mechanism
)
(/usr/share/texlive/texmf-dist/tex/generic/babel-portuges/portuges.ldf
Language: portuges 2008/03/18 v1.2q Portuguese support from the babel system

(/usr/share/texlive/texmf-dist/tex/generic/babel/babel.def
File: babel.def 2020/02/14 3.40 Babel common definitions
\babel@savecnt=\count175
\U@D=\dimen135

(/usr/share/texlive/texmf-dist/tex/generic/babel/txtbabel.def)
\bbl@readstream=\read2
\bbl@dirlevel=\count176
)
Package babel Info: \l@brazil = using hyphenrules for portuguese
(babel)             (\language66) on input line 113.
Package babel Info: Making " an active character on input line 145.
))
(/usr/share/texlive/texmf-dist/tex/latex/geometry/geometry.sty
Package: geometry 2020/01/02 v5.9 Page Geometry

(/usr/share/texlive/texmf-dist/tex/latex/graphics/keyval.sty
Package: keyval 2014/10/28 v1.15 key=value parser (DPC)
\KV@toks@=\toks16
)
(/usr/share/texlive/texmf-dist/tex/generic/iftex/ifvtex.sty
Package: ifvtex 2019/10/25 v1.7 ifvtex legacy package. Use iftex instead.

(/usr/share/texlive/texmf-dist/tex/generic/iftex/iftex.sty
Package: iftex 2019/11/07 v1.0c TeX engine tests
))
\Gm@cnth=\count177
\Gm@cntv=\count178
\c@Gm@tempcnt=\count179
\Gm@bindingoffset=\dimen136
\Gm@wd@mp=\dimen137
\Gm@odd@mp=\dimen138
\Gm@even@mp=\dimen139
\Gm@layoutwidth=\dimen140
\Gm@layoutheight=\dimen141
\Gm@layouthoffset=\dimen142
\Gm@layoutvoffset=\dimen143
\Gm@dimlist=\toks17
)
(/usr/share/texlive/texmf-dist/tex/latex/amsmath/amsmath.sty
Package: amsmath 2020/01/20 v2.17e AMS math features
\@mathmargin=\skip49

For additional information on amsmath, use the `?' option.
(/usr/share/texlive/texmf-dist/tex/latex/amsmath/amstext.sty
Package: amstext 2000/06/29 v2.01 AMS text

(/usr/share/texlive/texmf-dist/tex/latex/amsmath/amsgen.sty
File: amsgen.sty 1999/11/30 v2.0 generic functions
\@emptytoks=\toks18
\ex@=\dimen144
))
(/usr/share/texlive/texmf-dist/tex/latex/amsmath/amsbsy.sty
Package: amsbsy 1999/11/29 v1.2d Bold Symbols
\pmbraise@=\dimen145
)
(/usr/share/texlive/texmf-dist/tex/latex/amsmath/amsopn.sty
Package: amsopn 2016/03/08 v2.02 operator names
)
\inf@bad=\count180
LaTeX Info: Redefining \frac on input line 227.
\uproot@=\count181
\leftroot@=\count182
LaTeX Info: Redefining \overline on input line 389.
\classnum@=\count183
\DOTSCASE@=\count184
LaTeX Info: Redefining \ldots on input line 486.
LaTeX Info: Redefining \dots on input line 489.
LaTeX Info: Redefining \cdots on input line 610.
\Mathstrutbox@=\box45
\strutbox@=\box46
\big@size=\dimen146
LaTeX Font Info:    Redeclaring font encoding OML on input line 733.
LaTeX Font Info:    Redeclaring font encoding OMS on input line 734.
\macc@depth=\count185
\c@MaxMatrixCols=\count186
\dotsspace@=\muskip16
\c@parentequation=\count187
\dspbrk@lvl=\count188
\tag@help=\toks19
\row@=\count189
\column@=\count190
\maxfields@=\count191
\andhelp@=\toks20
\eqnshift@=\dimen147
\alignsep@=\dimen148
\tagshift@=\dimen149
\tagwidth@=\dimen150
\totwidth@=\dimen151
\lineht@=\dimen152
\@envbody=\toks21
\multlinegap=\skip50
\multlinetaggap=\skip51
\mathdisplay@stack=\toks22
LaTeX Info: Redefining \[ on input line 2859.
LaTeX Info: Redefining \] on input line 2860.
)
(/usr/share/texlive/texmf-dist/tex/latex/graphics/graphicx.sty
Package: graphicx 2019/11/30 v1.2a Enhanced LaTeX Graphics (DPC,SPQR)

(/usr/share/texlive/texmf-dist/tex/latex/graphics/graphics.sty
Package: graphics 2019/11/30 v1.4a Standard LaTeX Graphics (DPC,SPQR)

(/usr/share/texlive/texmf-dist/tex/latex/graphics/trig.sty
Package: trig 2016/01/03 v1.10 sin cos tan (DPC)
)
(/usr/share/texlive/texmf-dist/tex/latex/graphics-cfg/graphics.cfg
File: graphics.cfg 2016/06/04 v1.11 sample graphics configuration
)
Package graphics Info: Driver file: pdftex.def on input line 105.

(/usr/share/texlive/texmf-dist/tex/latex/graphics-def/pdftex.def
File: pdftex.def 2018/01/08 v1.0l Graphics/color driver for pdftex
))
\Gin@req@height=\dimen153
\Gin@req@width=\dimen154
)
(/usr/share/texlive/texmf-dist/tex/latex/float/float.sty
Package: float 2001/11/08 v1.3d Float enhancements (AL)
\c@float@type=\count192
\float@exts=\toks23
\float@box=\box47
\@float@everytoks=\toks24
\@floatcapt=\box48
)
(/usr/share/texlive/texmf-dist/tex/latex/preprint/authblk.sty
Package: authblk 2001/02/27 1.3 (PWD)
\affilsep=\skip52
\@affilsep=\skip53
\c@Maxaffil=\count193
\c@authors=\count194
\c@affil=\count195
)
(/usr/share/texlive/texmf-dist/tex/latex/fancyhdr/fancyhdr.sty
Package: fancyhdr 2019/01/31 v3.10 Extensive control of page headers and footer
s
\f@nch@headwidth=\skip54
\f@nch@O@elh=\skip55
\f@nch@O@erh=\skip56
\f@nch@O@olh=\skip57
\f@nch@O@orh=\skip58
\f@nch@O@elf=\skip59
\f@nch@O@erf=\skip60
\f@nch@O@olf=\skip61
\f@nch@O@orf=\skip62
)
(/usr/share/texlive/texmf-dist/tex/latex/xcolor/xcolor.sty
Package: xcolor 2016/05/11 v2.12 LaTeX color extensions (UK)

(/usr/share/texlive/texmf-dist/tex/latex/graphics-cfg/color.cfg
File: color.cfg 2016/01/02 v1.6 sample color configuration
)
Package xcolor Info: Driver file: pdftex.def on input line 225.
Package xcolor Info: Model `cmy' substituted by `cmy0' on input line 1348.
Package xcolor Info: Model `hsb' substituted by `rgb' on input line 1352.
Package xcolor Info: Model `RGB' extended on input line 1364.
Package xcolor Info: Model `HTML' substituted by `rgb' on input line 1366.
Package xcolor Info: Model `Hsb' substituted by `hsb' on input line 1367.
Package xcolor Info: Model `tHsb' substituted by `hsb' on input line 1368.
Package xcolor Info: Model `HSB' substituted by `hsb' on input line 1369.
Package xcolor Info: Model `Gray' substituted by `gray' on input line 1370.
Package xcolor Info: Model `wave' substituted by `hsb' on input line 1371.
)
(/usr/share/texlive/texmf-dist/tex/latex/l3backend/l3backend-pdfmode.def
File: l3backend-pdfmode.def 2020-02-03 L3 backend support: PDF mode
\l__kernel_color_stack_int=\count196
\l__pdf_internal_box=\box49
)
(./Apostila_Notas_De_Aula_MAT1202.aux

LaTeX Warning: Label `fig:projortogesp' multiply defined.

)
\openout1 = `Apostila_Notas_De_Aula_MAT1202.aux'.

LaTeX Font Info:    Checking defaults for OML/cmm/m/it on input line 23.
LaTeX Font Info:    ... okay on input line 23.
LaTeX Font Info:    Checking defaults for OMS/cmsy/m/n on input line 23.
LaTeX Font Info:    ... okay on input line 23.
LaTeX Font Info:    Checking defaults for OT1/cmr/m/n on input line 23.
LaTeX Font Info:    ... okay on input line 23.
LaTeX Font Info:    Checking defaults for T1/cmr/m/n on input line 23.
LaTeX Font Info:    ... okay on input line 23.
LaTeX Font Info:    Checking defaults for TS1/cmr/m/n on input line 23.
LaTeX Font Info:    ... okay on input line 23.
LaTeX Font Info:    Checking defaults for OMX/cmex/m/n on input line 23.
LaTeX Font Info:    ... okay on input line 23.
LaTeX Font Info:    Checking defaults for U/cmr/m/n on input line 23.
LaTeX Font Info:    ... okay on input line 23.

*geometry* driver: auto-detecting
*geometry* detected driver: pdftex
*geometry* verbose mode - [ preamble ] result:
* driver: pdftex
* paper: a4paper
* layout: <same size as paper>
* layoutoffset:(h,v)=(0.0pt,0.0pt)
* modes: 
* h-part:(L,W,R)=(85.35826pt, 455.24411pt, 56.9055pt)
* v-part:(T,H,B)=(85.35826pt, 702.78308pt, 56.9055pt)
* \paperwidth=597.50787pt
* \paperheight=845.04684pt
* \textwidth=455.24411pt
* \textheight=702.78308pt
* \oddsidemargin=13.08827pt
* \evensidemargin=13.08827pt
* \topmargin=-23.91173pt
* \headheight=12.0pt
* \headsep=25.0pt
* \topskip=12.0pt
* \footskip=30.0pt
* \marginparwidth=44.0pt
* \marginparsep=10.0pt
* \columnsep=10.0pt
* \skip\footins=10.8pt plus 4.0pt minus 2.0pt
* \hoffset=0.0pt
* \voffset=0.0pt
* \mag=1000
* \@twocolumnfalse
* \@twosidefalse
* \@mparswitchfalse
* \@reversemarginfalse
* (1in=72.27pt=25.4mm, 1cm=28.453pt)

(/usr/share/texlive/texmf-dist/tex/context/base/mkii/supp-pdf.mkii
[Loading MPS to PDF converter (version 2006.09.02).]
\scratchcounter=\count197
\scratchdimen=\dimen155
\scratchbox=\box50
\nofMPsegments=\count198
\nofMParguments=\count199
\everyMPshowfont=\toks25
\MPscratchCnt=\count266
\MPscratchDim=\dimen156
\MPnumerator=\count267
\makeMPintoPDFobject=\count268
\everyMPtoPDFconversion=\toks26
) (/usr/share/texlive/texmf-dist/tex/latex/epstopdf-pkg/epstopdf-base.sty
Package: epstopdf-base 2020-01-24 v2.11 Base part for package epstopdf
Package epstopdf-base Info: Redefining graphics rule for `.eps' on input line 4
85.

(/usr/share/texlive/texmf-dist/tex/latex/latexconfig/epstopdf-sys.cfg
File: epstopdf-sys.cfg 2010/07/13 v1.3 Configuration of (r)epstopdf for TeX Liv
e
))
(./Apostila_Notas_De_Aula_MAT1202.toc [1

{/var/lib/texmf/fonts/map/pdftex/updmap/pdftex.map}])
\tf@toc=\write3
\openout3 = `Apostila_Notas_De_Aula_MAT1202.toc'.



Package Fancyhdr Warning: \headheight is too small (12.0pt): 
Make it at least 14.49998pt.
We now make it that large for the rest of the document.
This may cause the page layout to be inconsistent, however.

[2]
Underfull \hbox (badness 10000) in paragraph at lines 33--34

 []


Underfull \hbox (badness 10000) in paragraph at lines 65--66

 []

[3]
Underfull \hbox (badness 10000) in paragraph at lines 107--108

 []


Underfull \hbox (badness 10000) in paragraph at lines 109--110

 []


Underfull \hbox (badness 10000) in paragraph at lines 152--153

 []


Overfull \hbox (7.06682pt too wide) in paragraph at lines 154--155
[]\OT1/cmr/m/n/12 Ao fi-nal da \OT1/cmr/m/it/12 Eli-mina^^Xc~ao Gaus-si-ana\OT1
/cmr/m/n/12 , de-pois de se-rem re-a-li-za-das to-das as de-vi-das \OT1/cmr/m/i
t/12 opera^^Xc~oes
 []

[4]
Underfull \hbox (badness 10000) in paragraph at lines 167--168

 []


Underfull \hbox (badness 10000) in paragraph at lines 169--170

 []


Overfull \hbox (7.12988pt too wide) in paragraph at lines 195--196
[]\OT1/cmr/m/n/12 Comecemos as opera^^Xc~oes ele-men-ta-res para che-gar ^^Ra m
a-triz es-ca-lo-nada. A cada opera^^Xc~ao,
 []


Underfull \hbox (badness 10000) in paragraph at lines 212--213

 []

[5] [6]
Underfull \hbox (badness 10000) in paragraph at lines 303--304

 []


Underfull \hbox (badness 10000) in paragraph at lines 305--306

 []


Underfull \hbox (badness 10000) in paragraph at lines 323--324

 []


Underfull \hbox (badness 10000) in paragraph at lines 325--326

 []


Underfull \hbox (badness 10000) in paragraph at lines 331--333

 []


Underfull \hbox (badness 10000) in paragraph at lines 337--338

 []


Underfull \hbox (badness 10000) in paragraph at lines 346--347

 []

[7]
Underfull \hbox (badness 10000) in paragraph at lines 360--361

 []


Underfull \hbox (badness 10000) in paragraph at lines 382--383

 []

[8] [9]
Underfull \hbox (badness 10000) in paragraph at lines 544--545

 []


Underfull \hbox (badness 10000) in paragraph at lines 551--552

 []


Underfull \hbox (badness 10000) in paragraph at lines 553--554

 []


Underfull \hbox (badness 10000) in paragraph at lines 555--556

 []


Underfull \hbox (badness 10000) in paragraph at lines 561--562

 []


Underfull \hbox (badness 10000) in paragraph at lines 570--571

 []

[10]
Underfull \hbox (badness 10000) in paragraph at lines 581--582

 []


Underfull \hbox (badness 10000) in paragraph at lines 599--600

 []


Underfull \hbox (badness 10000) in paragraph at lines 609--610

 []


Underfull \hbox (badness 10000) in paragraph at lines 619--620

 []

[11]
Underfull \hbox (badness 10000) in paragraph at lines 629--630

 []


Underfull \hbox (badness 10000) in paragraph at lines 631--632

 []


Underfull \hbox (badness 10000) in paragraph at lines 647--648

 []


Underfull \hbox (badness 10000) in paragraph at lines 660--661

 []


Underfull \hbox (badness 10000) in paragraph at lines 670--671

 []


Underfull \hbox (badness 10000) in paragraph at lines 685--686

 []

[12] [13] [14]
<Imagens/projOrtog.png, id=61, 281.55188pt x 225.09094pt>
File: Imagens/projOrtog.png Graphic file (type png)
<use Imagens/projOrtog.png>
Package pdftex.def Info: Imagens/projOrtog.png  used on input line 794.
(pdftex.def)             Requested size: 182.09486pt x 145.57922pt.
 [15 <./Imagens/projOrtog.png>]
<Imagens/projOrtogEsp.png, id=67, 501.37312pt x 276.28218pt>
File: Imagens/projOrtogEsp.png Graphic file (type png)
<use Imagens/projOrtogEsp.png>
Package pdftex.def Info: Imagens/projOrtogEsp.png  used on input line 875.
(pdftex.def)             Requested size: 182.09486pt x 100.34259pt.
 [16]
File: Imagens/projOrtogEsp.png Graphic file (type png)
<use Imagens/projOrtogEsp.png>
Package pdftex.def Info: Imagens/projOrtogEsp.png  used on input line 923.
(pdftex.def)             Requested size: 182.09486pt x 100.34259pt.
 [17 <./Imagens/projOrtogEsp.png>]

LaTeX Warning: No positions in optional float specifier.
               Default added (so using `tbp') on input line 950.

[18]
Underfull \hbox (badness 10000) in paragraph at lines 1027--1028

 []


Underfull \hbox (badness 10000) in paragraph at lines 1039--1040

 []


Underfull \hbox (badness 10000) in paragraph at lines 1041--1042

 []


Underfull \hbox (badness 10000) in paragraph at lines 1043--1044

 []


Underfull \hbox (badness 10000) in paragraph at lines 1045--1046

 []


Underfull \hbox (badness 10000) in paragraph at lines 1051--1052

 []


Underfull \hbox (badness 10000) in paragraph at lines 1053--1054

 []


Underfull \hbox (badness 10000) in paragraph at lines 1055--1056

 []


Underfull \hbox (badness 10000) in paragraph at lines 1057--1058

 []

[19]
Underfull \hbox (badness 10000) in paragraph at lines 1059--1060

 []


Underfull \hbox (badness 10000) in paragraph at lines 1076--1077

 []


Underfull \hbox (badness 10000) in paragraph at lines 1078--1079

 []


Underfull \hbox (badness 10000) in paragraph at lines 1091--1092

 []


Underfull \hbox (badness 10000) in paragraph at lines 1093--1094

 []


Underfull \hbox (badness 10000) in paragraph at lines 1095--1096

 []


Underfull \hbox (badness 10000) in paragraph at lines 1097--1098

 []

[20]
Underfull \hbox (badness 10000) in paragraph at lines 1099--1100

 []


Underfull \hbox (badness 10000) in paragraph at lines 1101--1102

 []


Underfull \hbox (badness 10000) in paragraph at lines 1103--1104

 []


Underfull \hbox (badness 10000) in paragraph at lines 1105--1106

 []


Underfull \hbox (badness 10000) in paragraph at lines 1123--1124

 []


Underfull \hbox (badness 10000) in paragraph at lines 1128--1129

 []

[21]
Underfull \hbox (badness 10000) in paragraph at lines 1155--1156

 []


Underfull \hbox (badness 10000) in paragraph at lines 1157--1158

 []

[22]
<Imagens/aplicacao2.png, id=92, 562.35094pt x 395.22656pt>
File: Imagens/aplicacao2.png Graphic file (type png)
<use Imagens/aplicacao2.png>
Package pdftex.def Info: Imagens/aplicacao2.png  used on input line 1237.
(pdftex.def)             Requested size: 455.24411pt x 319.95084pt.

Underfull \hbox (badness 10000) in paragraph at lines 1242--1243

 []

[23 <./Imagens/aplicacao2.png>]
Underfull \hbox (badness 10000) in paragraph at lines 1257--1258

 []


Underfull \hbox (badness 10000) in paragraph at lines 1264--1265

 []


Underfull \hbox (badness 10000) in paragraph at lines 1266--1267

 []


Underfull \hbox (badness 10000) in paragraph at lines 1268--1269

 []


Underfull \hbox (badness 10000) in paragraph at lines 1282--1283

 []


Underfull \hbox (badness 10000) in paragraph at lines 1286--1287

 []

[24]
Underfull \hbox (badness 10000) in paragraph at lines 1299--1300

 []


Underfull \hbox (badness 10000) in paragraph at lines 1314--1315

 []

[25] [26] [27] [28] (./Apostila_Notas_De_Aula_MAT1202.aux)

LaTeX Warning: There were multiply-defined labels.

 ) 
Here is how much of TeX's memory you used:
 3749 strings out of 481239
 50352 string characters out of 5920377
 320742 words of memory out of 5000000
 18973 multiletter control sequences out of 15000+600000
 540131 words of font info for 50 fonts, out of 8000000 for 9000
 1141 hyphenation exceptions out of 8191
 30i,14n,45p,646b,315s stack positions out of 5000i,500n,10000p,200000b,80000s
{/usr/share/texmf/fonts/enc/dvips/cm-super/cm-super-ts1.enc}</usr/share/texli
ve/texmf-dist/fonts/type1/public/amsfonts/cm/cmbx10.pfb></usr/share/texlive/tex
mf-dist/fonts/type1/public/amsfonts/cm/cmbx12.pfb></usr/share/texlive/texmf-dis
t/fonts/type1/public/amsfonts/cm/cmex10.pfb></usr/share/texlive/texmf-dist/font
s/type1/public/amsfonts/cm/cmmi12.pfb></usr/share/texlive/texmf-dist/fonts/type
1/public/amsfonts/cm/cmmi6.pfb></usr/share/texlive/texmf-dist/fonts/type1/publi
c/amsfonts/cm/cmmi8.pfb></usr/share/texlive/texmf-dist/fonts/type1/public/amsfo
nts/cm/cmr10.pfb></usr/share/texlive/texmf-dist/fonts/type1/public/amsfonts/cm/
cmr12.pfb></usr/share/texlive/texmf-dist/fonts/type1/public/amsfonts/cm/cmr8.pf
b></usr/share/texlive/texmf-dist/fonts/type1/public/amsfonts/cm/cmsy10.pfb></us
r/share/texlive/texmf-dist/fonts/type1/public/amsfonts/cm/cmsy6.pfb></usr/share
/texlive/texmf-dist/fonts/type1/public/amsfonts/cm/cmsy8.pfb></usr/share/texliv
e/texmf-dist/fonts/type1/public/amsfonts/cm/cmti10.pfb></usr/share/texlive/texm
f-dist/fonts/type1/public/amsfonts/cm/cmti12.pfb></usr/share/texmf/fonts/type1/
public/cm-super/sfrm1200.pfb>
Output written on Apostila_Notas_De_Aula_MAT1202.pdf (28 pages, 307297 bytes).
PDF statistics:
 163 PDF objects out of 1000 (max. 8388607)
 110 compressed objects within 2 object streams
 0 named destinations out of 1000 (max. 500000)
 16 words of extra memory for PDF output out of 10000 (max. 10000000)

